CRITICAL - 2024-05-04 05:23:37 --> include(headerMenu.php): Failed to open stream: No such file or directory
in APPPATH\Views\profile.php on line 34.
 1 APPPATH\Views\profile.php(34): CodeIgniter\Debug\Exceptions->errorHandler(2, 'include(headerMenu.php): Failed to open stream: No such file or directory', 'APPPATH\\Views\\profile.php', 34)
 2 APPPATH\Views\profile.php(34): include()
 3 SYSTEMPATH\View\View.php(213): include('APPPATH\\Views\\profile.php')
 4 SYSTEMPATH\View\View.php(216): CodeIgniter\View\View->CodeIgniter\View\{closure}()
 5 SYSTEMPATH\Common.php(1137): CodeIgniter\View\View->render('profile', [], true)
 6 APPPATH\Controllers\ProfileController.php(18): view('profile', [])
 7 SYSTEMPATH\CodeIgniter.php(898): App\Controllers\ProfileController->index()
 8 SYSTEMPATH\CodeIgniter.php(457): CodeIgniter\CodeIgniter->runController(Object(App\Controllers\ProfileController))
 9 SYSTEMPATH\CodeIgniter.php(340): CodeIgniter\CodeIgniter->handleRequest(null, Object(Config\Cache), false)
10 FCPATH\index.php(67): CodeIgniter\CodeIgniter->run()
11 SYSTEMPATH\Commands\Server\rewrite.php(43): require_once('FCPATH\\index.php')
CRITICAL - 2024-05-04 05:24:58 --> include(headerMenu.php): Failed to open stream: No such file or directory
in APPPATH\Views\profile.php on line 34.
 1 APPPATH\Views\profile.php(34): CodeIgniter\Debug\Exceptions->errorHandler(2, 'include(headerMenu.php): Failed to open stream: No such file or directory', 'APPPATH\\Views\\profile.php', 34)
 2 APPPATH\Views\profile.php(34): include()
 3 SYSTEMPATH\View\View.php(213): include('APPPATH\\Views\\profile.php')
 4 SYSTEMPATH\View\View.php(216): CodeIgniter\View\View->CodeIgniter\View\{closure}()
 5 SYSTEMPATH\Common.php(1137): CodeIgniter\View\View->render('profile', [], true)
 6 APPPATH\Controllers\ProfileController.php(18): view('profile', [])
 7 SYSTEMPATH\CodeIgniter.php(898): App\Controllers\ProfileController->index()
 8 SYSTEMPATH\CodeIgniter.php(457): CodeIgniter\CodeIgniter->runController(Object(App\Controllers\ProfileController))
 9 SYSTEMPATH\CodeIgniter.php(340): CodeIgniter\CodeIgniter->handleRequest(null, Object(Config\Cache), false)
10 FCPATH\index.php(67): CodeIgniter\CodeIgniter->run()
11 SYSTEMPATH\Commands\Server\rewrite.php(43): require_once('FCPATH\\index.php')
CRITICAL - 2024-05-04 05:58:45 --> Undefined property: CodeIgniter\View\View::$request
in APPPATH\Views\layouts\side-content-wrap.php on line 2.
 1 APPPATH\Views\layouts\side-content-wrap.php(2): CodeIgniter\Debug\Exceptions->errorHandler(2, 'Undefined property: CodeIgniter\\View\\View::$request', 'APPPATH\\Views\\layouts\\side-content-wrap.php', 2)
 2 APPPATH\Views\dashboard.php(48): include('APPPATH\\Views\\layouts\\side-content-wrap.php')
 3 SYSTEMPATH\View\View.php(213): include('APPPATH\\Views\\dashboard.php')
 4 SYSTEMPATH\View\View.php(216): CodeIgniter\View\View->CodeIgniter\View\{closure}()
 5 SYSTEMPATH\Common.php(1137): CodeIgniter\View\View->render('dashboard', [], true)
 6 APPPATH\Controllers\DashboardController.php(17): view('dashboard', [])
 7 SYSTEMPATH\CodeIgniter.php(898): App\Controllers\DashboardController->index()
 8 SYSTEMPATH\CodeIgniter.php(457): CodeIgniter\CodeIgniter->runController(Object(App\Controllers\DashboardController))
 9 SYSTEMPATH\CodeIgniter.php(340): CodeIgniter\CodeIgniter->handleRequest(null, Object(Config\Cache), false)
10 FCPATH\index.php(67): CodeIgniter\CodeIgniter->run()
11 SYSTEMPATH\Commands\Server\rewrite.php(43): require_once('FCPATH\\index.php')
