ERROR - 2024-05-05 04:15:09 --> mysqli_sql_exception: Unknown column 'active' in 'where clause' in D:\xampp\htdocs\ci4\system\Database\MySQLi\Connection.php:292
Stack trace:
#0 D:\xampp\htdocs\ci4\system\Database\MySQLi\Connection.php(292): mysqli->query('SELECT *\nFROM `...', 0)
#1 D:\xampp\htdocs\ci4\system\Database\BaseConnection.php(693): CodeIgniter\Database\MySQLi\Connection->execute('SELECT *\nFROM `...')
#2 D:\xampp\htdocs\ci4\system\Database\BaseConnection.php(620): CodeIgniter\Database\BaseConnection->simpleQuery('SELECT *\nFROM `...')
#3 D:\xampp\htdocs\ci4\system\Database\BaseBuilder.php(1585): CodeIgniter\Database\BaseConnection->query('SELECT *\nFROM `...', Array, false)
#4 D:\xampp\htdocs\ci4\system\Model.php(222): CodeIgniter\Database\BaseBuilder->get()
#5 D:\xampp\htdocs\ci4\system\BaseModel.php(584): CodeIgniter\Model->doFindAll(0, 0)
#6 D:\xampp\htdocs\ci4\app\Controllers\TaskBoardController.php(41): CodeIgniter\BaseModel->findAll()
#7 D:\xampp\htdocs\ci4\system\CodeIgniter.php(898): App\Controllers\TaskBoardController->addTask()
#8 D:\xampp\htdocs\ci4\system\CodeIgniter.php(457): CodeIgniter\CodeIgniter->runController(Object(App\Controllers\TaskBoardController))
#9 D:\xampp\htdocs\ci4\system\CodeIgniter.php(340): CodeIgniter\CodeIgniter->handleRequest(NULL, Object(Config\Cache), false)
#10 D:\xampp\htdocs\ci4\public\index.php(67): CodeIgniter\CodeIgniter->run()
#11 D:\xampp\htdocs\ci4\system\Commands\Server\rewrite.php(43): require_once('D:\\xampp\\htdocs...')
#12 {main}
CRITICAL - 2024-05-05 04:15:09 --> Call to a member function getResult() on bool
in SYSTEMPATH\Model.php on line 223.
 1 SYSTEMPATH\BaseModel.php(584): CodeIgniter\Model->doFindAll(0, 0)
 2 APPPATH\Controllers\TaskBoardController.php(41): CodeIgniter\BaseModel->findAll()
 3 SYSTEMPATH\CodeIgniter.php(898): App\Controllers\TaskBoardController->addTask()
 4 SYSTEMPATH\CodeIgniter.php(457): CodeIgniter\CodeIgniter->runController(Object(App\Controllers\TaskBoardController))
 5 SYSTEMPATH\CodeIgniter.php(340): CodeIgniter\CodeIgniter->handleRequest(null, Object(Config\Cache), false)
 6 FCPATH\index.php(67): CodeIgniter\CodeIgniter->run()
 7 SYSTEMPATH\Commands\Server\rewrite.php(43): require_once('FCPATH\\index.php')
CRITICAL - 2024-05-05 04:51:31 --> Undefined variable $userRoleModel
in APPPATH\Views\signup.php on line 25.
 1 APPPATH\Views\signup.php(25): CodeIgniter\Debug\Exceptions->errorHandler(2, 'Undefined variable $userRoleModel', 'APPPATH\\Views\\signup.php', 25)
 2 SYSTEMPATH\View\View.php(213): include('APPPATH\\Views\\signup.php')
 3 SYSTEMPATH\View\View.php(216): CodeIgniter\View\View->CodeIgniter\View\{closure}()
 4 SYSTEMPATH\Common.php(1137): CodeIgniter\View\View->render('signup', [], true)
 5 APPPATH\Controllers\SignupController.php(15): view('signup', [])
 6 SYSTEMPATH\CodeIgniter.php(898): App\Controllers\SignupController->index()
 7 SYSTEMPATH\CodeIgniter.php(457): CodeIgniter\CodeIgniter->runController(Object(App\Controllers\SignupController))
 8 SYSTEMPATH\CodeIgniter.php(340): CodeIgniter\CodeIgniter->handleRequest(null, Object(Config\Cache), false)
 9 FCPATH\index.php(67): CodeIgniter\CodeIgniter->run()
10 SYSTEMPATH\Commands\Server\rewrite.php(43): require_once('FCPATH\\index.php')
CRITICAL - 2024-05-05 04:51:46 --> Undefined variable $userRoleModel
in APPPATH\Views\signup.php on line 25.
 1 APPPATH\Views\signup.php(25): CodeIgniter\Debug\Exceptions->errorHandler(2, 'Undefined variable $userRoleModel', 'APPPATH\\Views\\signup.php', 25)
 2 SYSTEMPATH\View\View.php(213): include('APPPATH\\Views\\signup.php')
 3 SYSTEMPATH\View\View.php(216): CodeIgniter\View\View->CodeIgniter\View\{closure}()
 4 SYSTEMPATH\Common.php(1137): CodeIgniter\View\View->render('signup', [], true)
 5 APPPATH\Controllers\SignupController.php(15): view('signup', [])
 6 SYSTEMPATH\CodeIgniter.php(898): App\Controllers\SignupController->index()
 7 SYSTEMPATH\CodeIgniter.php(457): CodeIgniter\CodeIgniter->runController(Object(App\Controllers\SignupController))
 8 SYSTEMPATH\CodeIgniter.php(340): CodeIgniter\CodeIgniter->handleRequest(null, Object(Config\Cache), false)
 9 FCPATH\index.php(67): CodeIgniter\CodeIgniter->run()
10 SYSTEMPATH\Commands\Server\rewrite.php(43): require_once('FCPATH\\index.php')
CRITICAL - 2024-05-05 04:51:49 --> Undefined variable $userRoleModel
in APPPATH\Views\signup.php on line 25.
 1 APPPATH\Views\signup.php(25): CodeIgniter\Debug\Exceptions->errorHandler(2, 'Undefined variable $userRoleModel', 'APPPATH\\Views\\signup.php', 25)
 2 SYSTEMPATH\View\View.php(213): include('APPPATH\\Views\\signup.php')
 3 SYSTEMPATH\View\View.php(216): CodeIgniter\View\View->CodeIgniter\View\{closure}()
 4 SYSTEMPATH\Common.php(1137): CodeIgniter\View\View->render('signup', [], true)
 5 APPPATH\Controllers\SignupController.php(15): view('signup', [])
 6 SYSTEMPATH\CodeIgniter.php(898): App\Controllers\SignupController->index()
 7 SYSTEMPATH\CodeIgniter.php(457): CodeIgniter\CodeIgniter->runController(Object(App\Controllers\SignupController))
 8 SYSTEMPATH\CodeIgniter.php(340): CodeIgniter\CodeIgniter->handleRequest(null, Object(Config\Cache), false)
 9 FCPATH\index.php(67): CodeIgniter\CodeIgniter->run()
10 SYSTEMPATH\Commands\Server\rewrite.php(43): require_once('FCPATH\\index.php')
CRITICAL - 2024-05-05 04:53:47 --> Undefined variable $userRoleModel
in APPPATH\Views\signup.php on line 25.
 1 APPPATH\Views\signup.php(25): CodeIgniter\Debug\Exceptions->errorHandler(2, 'Undefined variable $userRoleModel', 'APPPATH\\Views\\signup.php', 25)
 2 SYSTEMPATH\View\View.php(213): include('APPPATH\\Views\\signup.php')
 3 SYSTEMPATH\View\View.php(216): CodeIgniter\View\View->CodeIgniter\View\{closure}()
 4 SYSTEMPATH\Common.php(1137): CodeIgniter\View\View->render('signup', [], true)
 5 APPPATH\Controllers\SignupController.php(15): view('signup', [])
 6 SYSTEMPATH\CodeIgniter.php(898): App\Controllers\SignupController->index()
 7 SYSTEMPATH\CodeIgniter.php(457): CodeIgniter\CodeIgniter->runController(Object(App\Controllers\SignupController))
 8 SYSTEMPATH\CodeIgniter.php(340): CodeIgniter\CodeIgniter->handleRequest(null, Object(Config\Cache), false)
 9 FCPATH\index.php(67): CodeIgniter\CodeIgniter->run()
10 SYSTEMPATH\Commands\Server\rewrite.php(43): require_once('FCPATH\\index.php')
CRITICAL - 2024-05-05 04:55:26 --> Undefined variable $userRoleModel
in APPPATH\Views\signup.php on line 25.
 1 APPPATH\Views\signup.php(25): CodeIgniter\Debug\Exceptions->errorHandler(2, 'Undefined variable $userRoleModel', 'APPPATH\\Views\\signup.php', 25)
 2 SYSTEMPATH\View\View.php(213): include('APPPATH\\Views\\signup.php')
 3 SYSTEMPATH\View\View.php(216): CodeIgniter\View\View->CodeIgniter\View\{closure}()
 4 SYSTEMPATH\Common.php(1137): CodeIgniter\View\View->render('signup', [], true)
 5 APPPATH\Controllers\SignupController.php(15): view('signup', [])
 6 SYSTEMPATH\CodeIgniter.php(898): App\Controllers\SignupController->index()
 7 SYSTEMPATH\CodeIgniter.php(457): CodeIgniter\CodeIgniter->runController(Object(App\Controllers\SignupController))
 8 SYSTEMPATH\CodeIgniter.php(340): CodeIgniter\CodeIgniter->handleRequest(null, Object(Config\Cache), false)
 9 FCPATH\index.php(67): CodeIgniter\CodeIgniter->run()
10 SYSTEMPATH\Commands\Server\rewrite.php(43): require_once('FCPATH\\index.php')
CRITICAL - 2024-05-05 04:56:35 --> Undefined variable $userRoleModel
in APPPATH\Views\signup.php on line 25.
 1 APPPATH\Views\signup.php(25): CodeIgniter\Debug\Exceptions->errorHandler(2, 'Undefined variable $userRoleModel', 'APPPATH\\Views\\signup.php', 25)
 2 SYSTEMPATH\View\View.php(213): include('APPPATH\\Views\\signup.php')
 3 SYSTEMPATH\View\View.php(216): CodeIgniter\View\View->CodeIgniter\View\{closure}()
 4 SYSTEMPATH\Common.php(1137): CodeIgniter\View\View->render('signup', [], true)
 5 APPPATH\Controllers\SignupController.php(15): view('signup', [])
 6 SYSTEMPATH\CodeIgniter.php(898): App\Controllers\SignupController->index()
 7 SYSTEMPATH\CodeIgniter.php(457): CodeIgniter\CodeIgniter->runController(Object(App\Controllers\SignupController))
 8 SYSTEMPATH\CodeIgniter.php(340): CodeIgniter\CodeIgniter->handleRequest(null, Object(Config\Cache), false)
 9 FCPATH\index.php(67): CodeIgniter\CodeIgniter->run()
10 SYSTEMPATH\Commands\Server\rewrite.php(43): require_once('FCPATH\\index.php')
CRITICAL - 2024-05-05 05:05:13 --> Undefined variable $userRoleModel
in APPPATH\Views\signup.php on line 25.
 1 APPPATH\Views\signup.php(25): CodeIgniter\Debug\Exceptions->errorHandler(2, 'Undefined variable $userRoleModel', 'APPPATH\\Views\\signup.php', 25)
 2 SYSTEMPATH\View\View.php(213): include('APPPATH\\Views\\signup.php')
 3 SYSTEMPATH\View\View.php(216): CodeIgniter\View\View->CodeIgniter\View\{closure}()
 4 SYSTEMPATH\Common.php(1137): CodeIgniter\View\View->render('signup', [], true)
 5 APPPATH\Controllers\SignupController.php(15): view('signup', [])
 6 SYSTEMPATH\CodeIgniter.php(898): App\Controllers\SignupController->index()
 7 SYSTEMPATH\CodeIgniter.php(457): CodeIgniter\CodeIgniter->runController(Object(App\Controllers\SignupController))
 8 SYSTEMPATH\CodeIgniter.php(340): CodeIgniter\CodeIgniter->handleRequest(null, Object(Config\Cache), false)
 9 FCPATH\index.php(67): CodeIgniter\CodeIgniter->run()
10 SYSTEMPATH\Commands\Server\rewrite.php(43): require_once('FCPATH\\index.php')
CRITICAL - 2024-05-05 05:05:19 --> Undefined variable $userRoleModel
in APPPATH\Views\signup.php on line 25.
 1 APPPATH\Views\signup.php(25): CodeIgniter\Debug\Exceptions->errorHandler(2, 'Undefined variable $userRoleModel', 'APPPATH\\Views\\signup.php', 25)
 2 SYSTEMPATH\View\View.php(213): include('APPPATH\\Views\\signup.php')
 3 SYSTEMPATH\View\View.php(216): CodeIgniter\View\View->CodeIgniter\View\{closure}()
 4 SYSTEMPATH\Common.php(1137): CodeIgniter\View\View->render('signup', [], true)
 5 APPPATH\Controllers\SignupController.php(15): view('signup', [])
 6 SYSTEMPATH\CodeIgniter.php(898): App\Controllers\SignupController->index()
 7 SYSTEMPATH\CodeIgniter.php(457): CodeIgniter\CodeIgniter->runController(Object(App\Controllers\SignupController))
 8 SYSTEMPATH\CodeIgniter.php(340): CodeIgniter\CodeIgniter->handleRequest(null, Object(Config\Cache), false)
 9 FCPATH\index.php(67): CodeIgniter\CodeIgniter->run()
10 SYSTEMPATH\Commands\Server\rewrite.php(43): require_once('FCPATH\\index.php')
CRITICAL - 2024-05-05 05:09:04 --> Undefined variable $userRoleModel
in APPPATH\Views\signup.php on line 25.
 1 APPPATH\Views\signup.php(25): CodeIgniter\Debug\Exceptions->errorHandler(2, 'Undefined variable $userRoleModel', 'APPPATH\\Views\\signup.php', 25)
 2 SYSTEMPATH\View\View.php(213): include('APPPATH\\Views\\signup.php')
 3 SYSTEMPATH\View\View.php(216): CodeIgniter\View\View->CodeIgniter\View\{closure}()
 4 SYSTEMPATH\Common.php(1137): CodeIgniter\View\View->render('signup', [], true)
 5 APPPATH\Controllers\SignupController.php(15): view('signup', [])
 6 SYSTEMPATH\CodeIgniter.php(898): App\Controllers\SignupController->index()
 7 SYSTEMPATH\CodeIgniter.php(457): CodeIgniter\CodeIgniter->runController(Object(App\Controllers\SignupController))
 8 SYSTEMPATH\CodeIgniter.php(340): CodeIgniter\CodeIgniter->handleRequest(null, Object(Config\Cache), false)
 9 FCPATH\index.php(67): CodeIgniter\CodeIgniter->run()
10 SYSTEMPATH\Commands\Server\rewrite.php(43): require_once('FCPATH\\index.php')
CRITICAL - 2024-05-05 05:09:08 --> Undefined variable $userRoleModel
in APPPATH\Views\signup.php on line 25.
 1 APPPATH\Views\signup.php(25): CodeIgniter\Debug\Exceptions->errorHandler(2, 'Undefined variable $userRoleModel', 'APPPATH\\Views\\signup.php', 25)
 2 SYSTEMPATH\View\View.php(213): include('APPPATH\\Views\\signup.php')
 3 SYSTEMPATH\View\View.php(216): CodeIgniter\View\View->CodeIgniter\View\{closure}()
 4 SYSTEMPATH\Common.php(1137): CodeIgniter\View\View->render('signup', [], true)
 5 APPPATH\Controllers\SignupController.php(15): view('signup', [])
 6 SYSTEMPATH\CodeIgniter.php(898): App\Controllers\SignupController->index()
 7 SYSTEMPATH\CodeIgniter.php(457): CodeIgniter\CodeIgniter->runController(Object(App\Controllers\SignupController))
 8 SYSTEMPATH\CodeIgniter.php(340): CodeIgniter\CodeIgniter->handleRequest(null, Object(Config\Cache), false)
 9 FCPATH\index.php(67): CodeIgniter\CodeIgniter->run()
10 SYSTEMPATH\Commands\Server\rewrite.php(43): require_once('FCPATH\\index.php')
CRITICAL - 2024-05-05 05:10:07 --> Undefined variable $userRoleModel
in APPPATH\Views\signup.php on line 25.
 1 APPPATH\Views\signup.php(25): CodeIgniter\Debug\Exceptions->errorHandler(2, 'Undefined variable $userRoleModel', 'APPPATH\\Views\\signup.php', 25)
 2 SYSTEMPATH\View\View.php(213): include('APPPATH\\Views\\signup.php')
 3 SYSTEMPATH\View\View.php(216): CodeIgniter\View\View->CodeIgniter\View\{closure}()
 4 SYSTEMPATH\Common.php(1137): CodeIgniter\View\View->render('signup', [], true)
 5 APPPATH\Controllers\SignupController.php(17): view('signup', [])
 6 SYSTEMPATH\CodeIgniter.php(898): App\Controllers\SignupController->index()
 7 SYSTEMPATH\CodeIgniter.php(457): CodeIgniter\CodeIgniter->runController(Object(App\Controllers\SignupController))
 8 SYSTEMPATH\CodeIgniter.php(340): CodeIgniter\CodeIgniter->handleRequest(null, Object(Config\Cache), false)
 9 FCPATH\index.php(67): CodeIgniter\CodeIgniter->run()
10 SYSTEMPATH\Commands\Server\rewrite.php(43): require_once('FCPATH\\index.php')
CRITICAL - 2024-05-05 05:12:16 --> Undefined variable $userRoleModel
in APPPATH\Views\signup.php on line 25.
 1 APPPATH\Views\signup.php(25): CodeIgniter\Debug\Exceptions->errorHandler(2, 'Undefined variable $userRoleModel', 'APPPATH\\Views\\signup.php', 25)
 2 SYSTEMPATH\View\View.php(213): include('APPPATH\\Views\\signup.php')
 3 SYSTEMPATH\View\View.php(216): CodeIgniter\View\View->CodeIgniter\View\{closure}()
 4 SYSTEMPATH\Common.php(1137): CodeIgniter\View\View->render('signup', [], true)
 5 APPPATH\Controllers\SignupController.php(17): view('signup', [])
 6 SYSTEMPATH\CodeIgniter.php(898): App\Controllers\SignupController->index()
 7 SYSTEMPATH\CodeIgniter.php(457): CodeIgniter\CodeIgniter->runController(Object(App\Controllers\SignupController))
 8 SYSTEMPATH\CodeIgniter.php(340): CodeIgniter\CodeIgniter->handleRequest(null, Object(Config\Cache), false)
 9 FCPATH\index.php(67): CodeIgniter\CodeIgniter->run()
10 SYSTEMPATH\Commands\Server\rewrite.php(43): require_once('FCPATH\\index.php')
CRITICAL - 2024-05-05 05:16:09 --> Undefined variable $userRoleModel
in APPPATH\Views\signup.php on line 25.
 1 APPPATH\Views\signup.php(25): CodeIgniter\Debug\Exceptions->errorHandler(2, 'Undefined variable $userRoleModel', 'APPPATH\\Views\\signup.php', 25)
 2 SYSTEMPATH\View\View.php(213): include('APPPATH\\Views\\signup.php')
 3 SYSTEMPATH\View\View.php(216): CodeIgniter\View\View->CodeIgniter\View\{closure}()
 4 SYSTEMPATH\Common.php(1137): CodeIgniter\View\View->render('signup', [], true)
 5 APPPATH\Controllers\SignupController.php(17): view('signup', [])
 6 SYSTEMPATH\CodeIgniter.php(898): App\Controllers\SignupController->index()
 7 SYSTEMPATH\CodeIgniter.php(457): CodeIgniter\CodeIgniter->runController(Object(App\Controllers\SignupController))
 8 SYSTEMPATH\CodeIgniter.php(340): CodeIgniter\CodeIgniter->handleRequest(null, Object(Config\Cache), false)
 9 FCPATH\index.php(67): CodeIgniter\CodeIgniter->run()
10 SYSTEMPATH\Commands\Server\rewrite.php(43): require_once('FCPATH\\index.php')
ERROR - 2024-05-05 06:30:51 --> mysqli_sql_exception: Table 'ci4.userold' doesn't exist in D:\xampp\htdocs\ci4\system\Database\MySQLi\Connection.php:292
Stack trace:
#0 D:\xampp\htdocs\ci4\system\Database\MySQLi\Connection.php(292): mysqli->query('INSERT INTO `us...', 0)
#1 D:\xampp\htdocs\ci4\system\Database\BaseConnection.php(693): CodeIgniter\Database\MySQLi\Connection->execute('INSERT INTO `us...')
#2 D:\xampp\htdocs\ci4\system\Database\BaseConnection.php(620): CodeIgniter\Database\BaseConnection->simpleQuery('INSERT INTO `us...')
#3 D:\xampp\htdocs\ci4\system\Database\BaseBuilder.php(1916): CodeIgniter\Database\BaseConnection->query('INSERT INTO `us...', Array, false)
#4 D:\xampp\htdocs\ci4\system\Model.php(278): CodeIgniter\Database\BaseBuilder->insert()
#5 D:\xampp\htdocs\ci4\system\BaseModel.php(738): CodeIgniter\Model->doInsert(Array)
#6 D:\xampp\htdocs\ci4\system\Model.php(666): CodeIgniter\BaseModel->insert(Array, false)
#7 D:\xampp\htdocs\ci4\system\BaseModel.php(658): CodeIgniter\Model->insert(Array, false)
#8 D:\xampp\htdocs\ci4\app\Controllers\SignupController.php(45): CodeIgniter\BaseModel->save(Array)
#9 D:\xampp\htdocs\ci4\system\CodeIgniter.php(898): App\Controllers\SignupController->store()
#10 D:\xampp\htdocs\ci4\system\CodeIgniter.php(457): CodeIgniter\CodeIgniter->runController(Object(App\Controllers\SignupController))
#11 D:\xampp\htdocs\ci4\system\CodeIgniter.php(340): CodeIgniter\CodeIgniter->handleRequest(NULL, Object(Config\Cache), false)
#12 D:\xampp\htdocs\ci4\public\index.php(67): CodeIgniter\CodeIgniter->run()
#13 D:\xampp\htdocs\ci4\system\Commands\Server\rewrite.php(43): require_once('D:\\xampp\\htdocs...')
#14 {main}
ERROR - 2024-05-05 06:33:30 --> mysqli_sql_exception: Table 'ci4.userold' doesn't exist in D:\xampp\htdocs\ci4\system\Database\MySQLi\Connection.php:292
Stack trace:
#0 D:\xampp\htdocs\ci4\system\Database\MySQLi\Connection.php(292): mysqli->query('INSERT INTO `us...', 0)
#1 D:\xampp\htdocs\ci4\system\Database\BaseConnection.php(693): CodeIgniter\Database\MySQLi\Connection->execute('INSERT INTO `us...')
#2 D:\xampp\htdocs\ci4\system\Database\BaseConnection.php(620): CodeIgniter\Database\BaseConnection->simpleQuery('INSERT INTO `us...')
#3 D:\xampp\htdocs\ci4\system\Database\BaseBuilder.php(1916): CodeIgniter\Database\BaseConnection->query('INSERT INTO `us...', Array, false)
#4 D:\xampp\htdocs\ci4\system\Model.php(278): CodeIgniter\Database\BaseBuilder->insert()
#5 D:\xampp\htdocs\ci4\system\BaseModel.php(738): CodeIgniter\Model->doInsert(Array)
#6 D:\xampp\htdocs\ci4\system\Model.php(666): CodeIgniter\BaseModel->insert(Array, false)
#7 D:\xampp\htdocs\ci4\system\BaseModel.php(658): CodeIgniter\Model->insert(Array, false)
#8 D:\xampp\htdocs\ci4\app\Controllers\SignupController.php(46): CodeIgniter\BaseModel->save(Array)
#9 D:\xampp\htdocs\ci4\system\CodeIgniter.php(898): App\Controllers\SignupController->store()
#10 D:\xampp\htdocs\ci4\system\CodeIgniter.php(457): CodeIgniter\CodeIgniter->runController(Object(App\Controllers\SignupController))
#11 D:\xampp\htdocs\ci4\system\CodeIgniter.php(340): CodeIgniter\CodeIgniter->handleRequest(NULL, Object(Config\Cache), false)
#12 D:\xampp\htdocs\ci4\public\index.php(67): CodeIgniter\CodeIgniter->run()
#13 D:\xampp\htdocs\ci4\system\Commands\Server\rewrite.php(43): require_once('D:\\xampp\\htdocs...')
#14 {main}
ERROR - 2024-05-05 06:34:22 --> mysqli_sql_exception: Table 'ci4.userold' doesn't exist in D:\xampp\htdocs\ci4\system\Database\MySQLi\Connection.php:292
Stack trace:
#0 D:\xampp\htdocs\ci4\system\Database\MySQLi\Connection.php(292): mysqli->query('INSERT INTO `us...', 0)
#1 D:\xampp\htdocs\ci4\system\Database\BaseConnection.php(693): CodeIgniter\Database\MySQLi\Connection->execute('INSERT INTO `us...')
#2 D:\xampp\htdocs\ci4\system\Database\BaseConnection.php(620): CodeIgniter\Database\BaseConnection->simpleQuery('INSERT INTO `us...')
#3 D:\xampp\htdocs\ci4\system\Database\BaseBuilder.php(1916): CodeIgniter\Database\BaseConnection->query('INSERT INTO `us...', Array, false)
#4 D:\xampp\htdocs\ci4\system\Model.php(278): CodeIgniter\Database\BaseBuilder->insert()
#5 D:\xampp\htdocs\ci4\system\BaseModel.php(738): CodeIgniter\Model->doInsert(Array)
#6 D:\xampp\htdocs\ci4\system\Model.php(666): CodeIgniter\BaseModel->insert(Array, false)
#7 D:\xampp\htdocs\ci4\system\BaseModel.php(658): CodeIgniter\Model->insert(Array, false)
#8 D:\xampp\htdocs\ci4\app\Controllers\SignupController.php(47): CodeIgniter\BaseModel->save(Array)
#9 D:\xampp\htdocs\ci4\system\CodeIgniter.php(898): App\Controllers\SignupController->store()
#10 D:\xampp\htdocs\ci4\system\CodeIgniter.php(457): CodeIgniter\CodeIgniter->runController(Object(App\Controllers\SignupController))
#11 D:\xampp\htdocs\ci4\system\CodeIgniter.php(340): CodeIgniter\CodeIgniter->handleRequest(NULL, Object(Config\Cache), false)
#12 D:\xampp\htdocs\ci4\public\index.php(67): CodeIgniter\CodeIgniter->run()
#13 D:\xampp\htdocs\ci4\system\Commands\Server\rewrite.php(43): require_once('D:\\xampp\\htdocs...')
#14 {main}
ERROR - 2024-05-05 06:37:59 --> mysqli_sql_exception: Table 'ci4.userold' doesn't exist in D:\xampp\htdocs\ci4\system\Database\MySQLi\Connection.php:292
Stack trace:
#0 D:\xampp\htdocs\ci4\system\Database\MySQLi\Connection.php(292): mysqli->query('INSERT INTO `us...', 0)
#1 D:\xampp\htdocs\ci4\system\Database\BaseConnection.php(693): CodeIgniter\Database\MySQLi\Connection->execute('INSERT INTO `us...')
#2 D:\xampp\htdocs\ci4\system\Database\BaseConnection.php(620): CodeIgniter\Database\BaseConnection->simpleQuery('INSERT INTO `us...')
#3 D:\xampp\htdocs\ci4\system\Database\BaseBuilder.php(1916): CodeIgniter\Database\BaseConnection->query('INSERT INTO `us...', Array, false)
#4 D:\xampp\htdocs\ci4\system\Model.php(278): CodeIgniter\Database\BaseBuilder->insert()
#5 D:\xampp\htdocs\ci4\system\BaseModel.php(738): CodeIgniter\Model->doInsert(Array)
#6 D:\xampp\htdocs\ci4\system\Model.php(666): CodeIgniter\BaseModel->insert(Array, false)
#7 D:\xampp\htdocs\ci4\system\BaseModel.php(658): CodeIgniter\Model->insert(Array, false)
#8 D:\xampp\htdocs\ci4\app\Controllers\SignupController.php(47): CodeIgniter\BaseModel->save(Array)
#9 D:\xampp\htdocs\ci4\system\CodeIgniter.php(898): App\Controllers\SignupController->store()
#10 D:\xampp\htdocs\ci4\system\CodeIgniter.php(457): CodeIgniter\CodeIgniter->runController(Object(App\Controllers\SignupController))
#11 D:\xampp\htdocs\ci4\system\CodeIgniter.php(340): CodeIgniter\CodeIgniter->handleRequest(NULL, Object(Config\Cache), false)
#12 D:\xampp\htdocs\ci4\public\index.php(67): CodeIgniter\CodeIgniter->run()
#13 D:\xampp\htdocs\ci4\system\Commands\Server\rewrite.php(43): require_once('D:\\xampp\\htdocs...')
#14 {main}
ERROR - 2024-05-05 06:41:21 --> mysqli_sql_exception: Table 'ci4.userold' doesn't exist in D:\xampp\htdocs\ci4\system\Database\MySQLi\Connection.php:292
Stack trace:
#0 D:\xampp\htdocs\ci4\system\Database\MySQLi\Connection.php(292): mysqli->query('INSERT INTO `us...', 0)
#1 D:\xampp\htdocs\ci4\system\Database\BaseConnection.php(693): CodeIgniter\Database\MySQLi\Connection->execute('INSERT INTO `us...')
#2 D:\xampp\htdocs\ci4\system\Database\BaseConnection.php(620): CodeIgniter\Database\BaseConnection->simpleQuery('INSERT INTO `us...')
#3 D:\xampp\htdocs\ci4\system\Database\BaseBuilder.php(1916): CodeIgniter\Database\BaseConnection->query('INSERT INTO `us...', Array, false)
#4 D:\xampp\htdocs\ci4\system\Model.php(278): CodeIgniter\Database\BaseBuilder->insert()
#5 D:\xampp\htdocs\ci4\system\BaseModel.php(738): CodeIgniter\Model->doInsert(Array)
#6 D:\xampp\htdocs\ci4\system\Model.php(666): CodeIgniter\BaseModel->insert(Array, false)
#7 D:\xampp\htdocs\ci4\system\BaseModel.php(658): CodeIgniter\Model->insert(Array, false)
#8 D:\xampp\htdocs\ci4\app\Controllers\SignupController.php(47): CodeIgniter\BaseModel->save(Array)
#9 D:\xampp\htdocs\ci4\system\CodeIgniter.php(898): App\Controllers\SignupController->store()
#10 D:\xampp\htdocs\ci4\system\CodeIgniter.php(457): CodeIgniter\CodeIgniter->runController(Object(App\Controllers\SignupController))
#11 D:\xampp\htdocs\ci4\system\CodeIgniter.php(340): CodeIgniter\CodeIgniter->handleRequest(NULL, Object(Config\Cache), false)
#12 D:\xampp\htdocs\ci4\public\index.php(67): CodeIgniter\CodeIgniter->run()
#13 D:\xampp\htdocs\ci4\system\Commands\Server\rewrite.php(43): require_once('D:\\xampp\\htdocs...')
#14 {main}
CRITICAL - 2024-05-05 06:57:09 --> Undefined array key "name"
in APPPATH\Controllers\SigninController.php on line 39.
 1 APPPATH\Controllers\SigninController.php(39): CodeIgniter\Debug\Exceptions->errorHandler(2, 'Undefined array key "name"', 'APPPATH\\Controllers\\SigninController.php', 39)
 2 SYSTEMPATH\CodeIgniter.php(898): App\Controllers\SigninController->loginAuth()
 3 SYSTEMPATH\CodeIgniter.php(457): CodeIgniter\CodeIgniter->runController(Object(App\Controllers\SigninController))
 4 SYSTEMPATH\CodeIgniter.php(340): CodeIgniter\CodeIgniter->handleRequest(null, Object(Config\Cache), false)
 5 FCPATH\index.php(67): CodeIgniter\CodeIgniter->run()
 6 SYSTEMPATH\Commands\Server\rewrite.php(43): require_once('FCPATH\\index.php')
CRITICAL - 2024-05-05 07:09:03 --> Undefined array key "name"
in APPPATH\Views\addtask.php on line 111.
 1 APPPATH\Views\addtask.php(111): CodeIgniter\Debug\Exceptions->errorHandler(2, 'Undefined array key "name"', 'APPPATH\\Views\\addtask.php', 111)
 2 SYSTEMPATH\View\View.php(213): include('APPPATH\\Views\\addtask.php')
 3 SYSTEMPATH\View\View.php(216): CodeIgniter\View\View->CodeIgniter\View\{closure}()
 4 SYSTEMPATH\Common.php(1137): CodeIgniter\View\View->render('addtask', [], true)
 5 APPPATH\Controllers\TaskBoardController.php(49): view('addtask', [...])
 6 SYSTEMPATH\CodeIgniter.php(898): App\Controllers\TaskBoardController->addTask()
 7 SYSTEMPATH\CodeIgniter.php(457): CodeIgniter\CodeIgniter->runController(Object(App\Controllers\TaskBoardController))
 8 SYSTEMPATH\CodeIgniter.php(340): CodeIgniter\CodeIgniter->handleRequest(null, Object(Config\Cache), false)
 9 FCPATH\index.php(67): CodeIgniter\CodeIgniter->run()
10 SYSTEMPATH\Commands\Server\rewrite.php(43): require_once('FCPATH\\index.php')
CRITICAL - 2024-05-05 07:10:29 --> Undefined array key "name"
in APPPATH\Views\addtask.php on line 111.
 1 APPPATH\Views\addtask.php(111): CodeIgniter\Debug\Exceptions->errorHandler(2, 'Undefined array key "name"', 'APPPATH\\Views\\addtask.php', 111)
 2 SYSTEMPATH\View\View.php(213): include('APPPATH\\Views\\addtask.php')
 3 SYSTEMPATH\View\View.php(216): CodeIgniter\View\View->CodeIgniter\View\{closure}()
 4 SYSTEMPATH\Common.php(1137): CodeIgniter\View\View->render('addtask', [], true)
 5 APPPATH\Controllers\TaskBoardController.php(49): view('addtask', [...])
 6 SYSTEMPATH\CodeIgniter.php(898): App\Controllers\TaskBoardController->addTask()
 7 SYSTEMPATH\CodeIgniter.php(457): CodeIgniter\CodeIgniter->runController(Object(App\Controllers\TaskBoardController))
 8 SYSTEMPATH\CodeIgniter.php(340): CodeIgniter\CodeIgniter->handleRequest(null, Object(Config\Cache), false)
 9 FCPATH\index.php(67): CodeIgniter\CodeIgniter->run()
10 SYSTEMPATH\Commands\Server\rewrite.php(43): require_once('FCPATH\\index.php')
CRITICAL - 2024-05-05 08:17:44 --> Undefined variable $title
in APPPATH\Views\taskboard.php on line 10.
 1 APPPATH\Views\taskboard.php(10): CodeIgniter\Debug\Exceptions->errorHandler(2, 'Undefined variable $title', 'APPPATH\\Views\\taskboard.php', 10)
 2 SYSTEMPATH\View\View.php(213): include('APPPATH\\Views\\taskboard.php')
 3 SYSTEMPATH\View\View.php(216): CodeIgniter\View\View->CodeIgniter\View\{closure}()
 4 SYSTEMPATH\Common.php(1137): CodeIgniter\View\View->render('taskboard', [], true)
 5 APPPATH\Controllers\TaskBoardController.php(25): view('taskboard', [...])
 6 SYSTEMPATH\CodeIgniter.php(898): App\Controllers\TaskBoardController->index()
 7 SYSTEMPATH\CodeIgniter.php(457): CodeIgniter\CodeIgniter->runController(Object(App\Controllers\TaskBoardController))
 8 SYSTEMPATH\CodeIgniter.php(340): CodeIgniter\CodeIgniter->handleRequest(null, Object(Config\Cache), false)
 9 FCPATH\index.php(67): CodeIgniter\CodeIgniter->run()
10 SYSTEMPATH\Commands\Server\rewrite.php(43): require_once('FCPATH\\index.php')
CRITICAL - 2024-05-05 10:33:42 --> Undefined variable $title
in APPPATH\Views\dashboard.php on line 10.
 1 APPPATH\Views\dashboard.php(10): CodeIgniter\Debug\Exceptions->errorHandler(2, 'Undefined variable $title', 'APPPATH\\Views\\dashboard.php', 10)
 2 SYSTEMPATH\View\View.php(213): include('APPPATH\\Views\\dashboard.php')
 3 SYSTEMPATH\View\View.php(216): CodeIgniter\View\View->CodeIgniter\View\{closure}()
 4 SYSTEMPATH\Common.php(1137): CodeIgniter\View\View->render('dashboard', [], true)
 5 APPPATH\Controllers\DashboardController.php(18): view('dashboard', [...])
 6 SYSTEMPATH\CodeIgniter.php(898): App\Controllers\DashboardController->index()
 7 SYSTEMPATH\CodeIgniter.php(457): CodeIgniter\CodeIgniter->runController(Object(App\Controllers\DashboardController))
 8 SYSTEMPATH\CodeIgniter.php(340): CodeIgniter\CodeIgniter->handleRequest(null, Object(Config\Cache), false)
 9 FCPATH\index.php(67): CodeIgniter\CodeIgniter->run()
10 SYSTEMPATH\Commands\Server\rewrite.php(43): require_once('FCPATH\\index.php')
CRITICAL - 2024-05-05 10:34:33 --> Undefined variable $db
in APPPATH\Controllers\TaskBoardController.php on line 23.
 1 APPPATH\Controllers\TaskBoardController.php(23): CodeIgniter\Debug\Exceptions->errorHandler(2, 'Undefined variable $db', 'APPPATH\\Controllers\\TaskBoardController.php', 23)
 2 SYSTEMPATH\CodeIgniter.php(898): App\Controllers\TaskBoardController->index()
 3 SYSTEMPATH\CodeIgniter.php(457): CodeIgniter\CodeIgniter->runController(Object(App\Controllers\TaskBoardController))
 4 SYSTEMPATH\CodeIgniter.php(340): CodeIgniter\CodeIgniter->handleRequest(null, Object(Config\Cache), false)
 5 FCPATH\index.php(67): CodeIgniter\CodeIgniter->run()
 6 SYSTEMPATH\Commands\Server\rewrite.php(43): require_once('FCPATH\\index.php')
CRITICAL - 2024-05-05 10:37:39 --> Call to undefined function App\Controllers\db()
in APPPATH\Controllers\TaskBoardController.php on line 22.
 1 SYSTEMPATH\CodeIgniter.php(898): App\Controllers\TaskBoardController->index()
 2 SYSTEMPATH\CodeIgniter.php(457): CodeIgniter\CodeIgniter->runController(Object(App\Controllers\TaskBoardController))
 3 SYSTEMPATH\CodeIgniter.php(340): CodeIgniter\CodeIgniter->handleRequest(null, Object(Config\Cache), false)
 4 FCPATH\index.php(67): CodeIgniter\CodeIgniter->run()
 5 SYSTEMPATH\Commands\Server\rewrite.php(43): require_once('FCPATH\\index.php')
ERROR - 2024-05-05 10:39:17 --> mysqli_sql_exception: Unknown column 'users.id' in 'on clause' in D:\xampp\htdocs\ci4\system\Database\MySQLi\Connection.php:292
Stack trace:
#0 D:\xampp\htdocs\ci4\system\Database\MySQLi\Connection.php(292): mysqli->query('SELECT `issue`....', 0)
#1 D:\xampp\htdocs\ci4\system\Database\BaseConnection.php(693): CodeIgniter\Database\MySQLi\Connection->execute('SELECT `issue`....')
#2 D:\xampp\htdocs\ci4\system\Database\BaseConnection.php(620): CodeIgniter\Database\BaseConnection->simpleQuery('SELECT `issue`....')
#3 D:\xampp\htdocs\ci4\system\Database\BaseBuilder.php(1585): CodeIgniter\Database\BaseConnection->query('SELECT `issue`....', Array, false)
#4 D:\xampp\htdocs\ci4\app\Controllers\TaskBoardController.php(34): CodeIgniter\Database\BaseBuilder->get()
#5 D:\xampp\htdocs\ci4\system\CodeIgniter.php(898): App\Controllers\TaskBoardController->index()
#6 D:\xampp\htdocs\ci4\system\CodeIgniter.php(457): CodeIgniter\CodeIgniter->runController(Object(App\Controllers\TaskBoardController))
#7 D:\xampp\htdocs\ci4\system\CodeIgniter.php(340): CodeIgniter\CodeIgniter->handleRequest(NULL, Object(Config\Cache), false)
#8 D:\xampp\htdocs\ci4\public\index.php(67): CodeIgniter\CodeIgniter->run()
#9 D:\xampp\htdocs\ci4\system\Commands\Server\rewrite.php(43): require_once('D:\\xampp\\htdocs...')
#10 {main}
ERROR - 2024-05-05 10:39:42 --> mysqli_sql_exception: Unknown column 'users.id' in 'on clause' in D:\xampp\htdocs\ci4\system\Database\MySQLi\Connection.php:292
Stack trace:
#0 D:\xampp\htdocs\ci4\system\Database\MySQLi\Connection.php(292): mysqli->query('SELECT `issue`....', 0)
#1 D:\xampp\htdocs\ci4\system\Database\BaseConnection.php(693): CodeIgniter\Database\MySQLi\Connection->execute('SELECT `issue`....')
#2 D:\xampp\htdocs\ci4\system\Database\BaseConnection.php(620): CodeIgniter\Database\BaseConnection->simpleQuery('SELECT `issue`....')
#3 D:\xampp\htdocs\ci4\system\Database\BaseBuilder.php(1585): CodeIgniter\Database\BaseConnection->query('SELECT `issue`....', Array, false)
#4 D:\xampp\htdocs\ci4\app\Controllers\TaskBoardController.php(34): CodeIgniter\Database\BaseBuilder->get()
#5 D:\xampp\htdocs\ci4\system\CodeIgniter.php(898): App\Controllers\TaskBoardController->index()
#6 D:\xampp\htdocs\ci4\system\CodeIgniter.php(457): CodeIgniter\CodeIgniter->runController(Object(App\Controllers\TaskBoardController))
#7 D:\xampp\htdocs\ci4\system\CodeIgniter.php(340): CodeIgniter\CodeIgniter->handleRequest(NULL, Object(Config\Cache), false)
#8 D:\xampp\htdocs\ci4\public\index.php(67): CodeIgniter\CodeIgniter->run()
#9 D:\xampp\htdocs\ci4\system\Commands\Server\rewrite.php(43): require_once('D:\\xampp\\htdocs...')
#10 {main}
ERROR - 2024-05-05 10:39:43 --> mysqli_sql_exception: Unknown column 'users.id' in 'on clause' in D:\xampp\htdocs\ci4\system\Database\MySQLi\Connection.php:292
Stack trace:
#0 D:\xampp\htdocs\ci4\system\Database\MySQLi\Connection.php(292): mysqli->query('SELECT `issue`....', 0)
#1 D:\xampp\htdocs\ci4\system\Database\BaseConnection.php(693): CodeIgniter\Database\MySQLi\Connection->execute('SELECT `issue`....')
#2 D:\xampp\htdocs\ci4\system\Database\BaseConnection.php(620): CodeIgniter\Database\BaseConnection->simpleQuery('SELECT `issue`....')
#3 D:\xampp\htdocs\ci4\system\Database\BaseBuilder.php(1585): CodeIgniter\Database\BaseConnection->query('SELECT `issue`....', Array, false)
#4 D:\xampp\htdocs\ci4\app\Controllers\TaskBoardController.php(34): CodeIgniter\Database\BaseBuilder->get()
#5 D:\xampp\htdocs\ci4\system\CodeIgniter.php(898): App\Controllers\TaskBoardController->index()
#6 D:\xampp\htdocs\ci4\system\CodeIgniter.php(457): CodeIgniter\CodeIgniter->runController(Object(App\Controllers\TaskBoardController))
#7 D:\xampp\htdocs\ci4\system\CodeIgniter.php(340): CodeIgniter\CodeIgniter->handleRequest(NULL, Object(Config\Cache), false)
#8 D:\xampp\htdocs\ci4\public\index.php(67): CodeIgniter\CodeIgniter->run()
#9 D:\xampp\htdocs\ci4\system\Commands\Server\rewrite.php(43): require_once('D:\\xampp\\htdocs...')
#10 {main}
ERROR - 2024-05-05 10:46:05 --> mysqli_sql_exception: Unknown column 'users.id' in 'on clause' in D:\xampp\htdocs\ci4\system\Database\MySQLi\Connection.php:292
Stack trace:
#0 D:\xampp\htdocs\ci4\system\Database\MySQLi\Connection.php(292): mysqli->query('SELECT `issue`....', 0)
#1 D:\xampp\htdocs\ci4\system\Database\BaseConnection.php(693): CodeIgniter\Database\MySQLi\Connection->execute('SELECT `issue`....')
#2 D:\xampp\htdocs\ci4\system\Database\BaseConnection.php(620): CodeIgniter\Database\BaseConnection->simpleQuery('SELECT `issue`....')
#3 D:\xampp\htdocs\ci4\system\Database\BaseBuilder.php(1585): CodeIgniter\Database\BaseConnection->query('SELECT `issue`....', Array, false)
#4 D:\xampp\htdocs\ci4\app\Controllers\TaskBoardController.php(34): CodeIgniter\Database\BaseBuilder->get()
#5 D:\xampp\htdocs\ci4\system\CodeIgniter.php(898): App\Controllers\TaskBoardController->index()
#6 D:\xampp\htdocs\ci4\system\CodeIgniter.php(457): CodeIgniter\CodeIgniter->runController(Object(App\Controllers\TaskBoardController))
#7 D:\xampp\htdocs\ci4\system\CodeIgniter.php(340): CodeIgniter\CodeIgniter->handleRequest(NULL, Object(Config\Cache), false)
#8 D:\xampp\htdocs\ci4\public\index.php(67): CodeIgniter\CodeIgniter->run()
#9 D:\xampp\htdocs\ci4\system\Commands\Server\rewrite.php(43): require_once('D:\\xampp\\htdocs...')
#10 {main}
CRITICAL - 2024-05-05 10:48:13 --> Cannot use object of type stdClass as array
in APPPATH\Views\taskboard.php on line 78.
 1 SYSTEMPATH\View\View.php(213): include()
 2 SYSTEMPATH\View\View.php(216): CodeIgniter\View\View->CodeIgniter\View\{closure}()
 3 SYSTEMPATH\Common.php(1137): CodeIgniter\View\View->render('taskboard', [], true)
 4 APPPATH\Controllers\TaskBoardController.php(34): view('taskboard', [...])
 5 SYSTEMPATH\CodeIgniter.php(898): App\Controllers\TaskBoardController->index()
 6 SYSTEMPATH\CodeIgniter.php(457): CodeIgniter\CodeIgniter->runController(Object(App\Controllers\TaskBoardController))
 7 SYSTEMPATH\CodeIgniter.php(340): CodeIgniter\CodeIgniter->handleRequest(null, Object(Config\Cache), false)
 8 FCPATH\index.php(67): CodeIgniter\CodeIgniter->run()
 9 SYSTEMPATH\Commands\Server\rewrite.php(43): require_once('FCPATH\\index.php')
CRITICAL - 2024-05-05 10:52:35 --> Cannot use object of type stdClass as array
in APPPATH\Views\taskboard.php on line 78.
 1 SYSTEMPATH\View\View.php(213): include()
 2 SYSTEMPATH\View\View.php(216): CodeIgniter\View\View->CodeIgniter\View\{closure}()
 3 SYSTEMPATH\Common.php(1137): CodeIgniter\View\View->render('taskboard', [], true)
 4 APPPATH\Controllers\TaskBoardController.php(34): view('taskboard', [...])
 5 SYSTEMPATH\CodeIgniter.php(898): App\Controllers\TaskBoardController->index()
 6 SYSTEMPATH\CodeIgniter.php(457): CodeIgniter\CodeIgniter->runController(Object(App\Controllers\TaskBoardController))
 7 SYSTEMPATH\CodeIgniter.php(340): CodeIgniter\CodeIgniter->handleRequest(null, Object(Config\Cache), false)
 8 FCPATH\index.php(67): CodeIgniter\CodeIgniter->run()
 9 SYSTEMPATH\Commands\Server\rewrite.php(43): require_once('FCPATH\\index.php')
CRITICAL - 2024-05-05 12:03:07 --> Too few arguments to function App\Controllers\TaskBoardController::edittask(), 0 passed in D:\xampp\htdocs\ci4\system\CodeIgniter.php on line 898 and exactly 1 expected
in APPPATH\Controllers\TaskBoardController.php on line 117.
 1 SYSTEMPATH\CodeIgniter.php(898): App\Controllers\TaskBoardController->edittask()
 2 SYSTEMPATH\CodeIgniter.php(457): CodeIgniter\CodeIgniter->runController(Object(App\Controllers\TaskBoardController))
 3 SYSTEMPATH\CodeIgniter.php(340): CodeIgniter\CodeIgniter->handleRequest(null, Object(Config\Cache), false)
 4 FCPATH\index.php(67): CodeIgniter\CodeIgniter->run()
 5 SYSTEMPATH\Commands\Server\rewrite.php(43): require_once('FCPATH\\index.php')
CRITICAL - 2024-05-05 12:04:52 --> Too few arguments to function App\Controllers\TaskBoardController::edittask(), 0 passed in D:\xampp\htdocs\ci4\system\CodeIgniter.php on line 898 and exactly 1 expected
in APPPATH\Controllers\TaskBoardController.php on line 117.
 1 SYSTEMPATH\CodeIgniter.php(898): App\Controllers\TaskBoardController->edittask()
 2 SYSTEMPATH\CodeIgniter.php(457): CodeIgniter\CodeIgniter->runController(Object(App\Controllers\TaskBoardController))
 3 SYSTEMPATH\CodeIgniter.php(340): CodeIgniter\CodeIgniter->handleRequest(null, Object(Config\Cache), false)
 4 FCPATH\index.php(67): CodeIgniter\CodeIgniter->run()
 5 SYSTEMPATH\Commands\Server\rewrite.php(43): require_once('FCPATH\\index.php')
CRITICAL - 2024-05-05 15:25:35 --> Undefined array key "fnmae"
in APPPATH\Views\userlist.php on line 77.
 1 APPPATH\Views\userlist.php(77): CodeIgniter\Debug\Exceptions->errorHandler(2, 'Undefined array key "fnmae"', 'APPPATH\\Views\\userlist.php', 77)
 2 SYSTEMPATH\View\View.php(213): include('APPPATH\\Views\\userlist.php')
 3 SYSTEMPATH\View\View.php(216): CodeIgniter\View\View->CodeIgniter\View\{closure}()
 4 SYSTEMPATH\Common.php(1137): CodeIgniter\View\View->render('userlist', [], true)
 5 APPPATH\Controllers\UserController.php(29): view('userlist', [...])
 6 SYSTEMPATH\CodeIgniter.php(898): App\Controllers\UserController->index()
 7 SYSTEMPATH\CodeIgniter.php(457): CodeIgniter\CodeIgniter->runController(Object(App\Controllers\UserController))
 8 SYSTEMPATH\CodeIgniter.php(340): CodeIgniter\CodeIgniter->handleRequest(null, Object(Config\Cache), false)
 9 FCPATH\index.php(67): CodeIgniter\CodeIgniter->run()
10 SYSTEMPATH\Commands\Server\rewrite.php(43): require_once('FCPATH\\index.php')
CRITICAL - 2024-05-05 15:30:33 --> Undefined array key "fnmae"
in APPPATH\Views\userlist.php on line 77.
 1 APPPATH\Views\userlist.php(77): CodeIgniter\Debug\Exceptions->errorHandler(2, 'Undefined array key "fnmae"', 'APPPATH\\Views\\userlist.php', 77)
 2 SYSTEMPATH\View\View.php(213): include('APPPATH\\Views\\userlist.php')
 3 SYSTEMPATH\View\View.php(216): CodeIgniter\View\View->CodeIgniter\View\{closure}()
 4 SYSTEMPATH\Common.php(1137): CodeIgniter\View\View->render('userlist', [], true)
 5 APPPATH\Controllers\UserController.php(30): view('userlist', [...])
 6 SYSTEMPATH\CodeIgniter.php(898): App\Controllers\UserController->index()
 7 SYSTEMPATH\CodeIgniter.php(457): CodeIgniter\CodeIgniter->runController(Object(App\Controllers\UserController))
 8 SYSTEMPATH\CodeIgniter.php(340): CodeIgniter\CodeIgniter->handleRequest(null, Object(Config\Cache), false)
 9 FCPATH\index.php(67): CodeIgniter\CodeIgniter->run()
10 SYSTEMPATH\Commands\Server\rewrite.php(43): require_once('FCPATH\\index.php')
ERROR - 2024-05-05 15:33:43 --> mysqli_sql_exception: Column 'active' in where clause is ambiguous in D:\xampp\htdocs\ci4\system\Database\MySQLi\Connection.php:292
Stack trace:
#0 D:\xampp\htdocs\ci4\system\Database\MySQLi\Connection.php(292): mysqli->query('SELECT users.*,...', 0)
#1 D:\xampp\htdocs\ci4\system\Database\BaseConnection.php(693): CodeIgniter\Database\MySQLi\Connection->execute('SELECT users.*,...')
#2 D:\xampp\htdocs\ci4\system\Database\BaseConnection.php(620): CodeIgniter\Database\BaseConnection->simpleQuery('SELECT users.*,...')
#3 D:\xampp\htdocs\ci4\app\Controllers\UserController.php(21): CodeIgniter\Database\BaseConnection->query('SELECT users.*,...')
#4 D:\xampp\htdocs\ci4\system\CodeIgniter.php(898): App\Controllers\UserController->index()
#5 D:\xampp\htdocs\ci4\system\CodeIgniter.php(457): CodeIgniter\CodeIgniter->runController(Object(App\Controllers\UserController))
#6 D:\xampp\htdocs\ci4\system\CodeIgniter.php(340): CodeIgniter\CodeIgniter->handleRequest(NULL, Object(Config\Cache), false)
#7 D:\xampp\htdocs\ci4\public\index.php(67): CodeIgniter\CodeIgniter->run()
#8 D:\xampp\htdocs\ci4\system\Commands\Server\rewrite.php(43): require_once('D:\\xampp\\htdocs...')
#9 {main}
CRITICAL - 2024-05-05 15:33:43 --> Call to a member function getResultArray() on bool
in APPPATH\Controllers\UserController.php on line 24.
 1 SYSTEMPATH\CodeIgniter.php(898): App\Controllers\UserController->index()
 2 SYSTEMPATH\CodeIgniter.php(457): CodeIgniter\CodeIgniter->runController(Object(App\Controllers\UserController))
 3 SYSTEMPATH\CodeIgniter.php(340): CodeIgniter\CodeIgniter->handleRequest(null, Object(Config\Cache), false)
 4 FCPATH\index.php(67): CodeIgniter\CodeIgniter->run()
 5 SYSTEMPATH\Commands\Server\rewrite.php(43): require_once('FCPATH\\index.php')
